0 silly input [ 'test' ]
1 silly flags { _: [ 'run' ],
1 silly flags   'reject-cycles': false,
1 silly flags   rejectCycles: false,
1 silly flags   script: 'test',
1 silly flags   args: [] }
2 verbose rootPath /Users/orie/Code/lerna-transmute
3 info version 2.5.1
4 info versioning independent
5 silly existsSync /Users/orie/Code/lerna-transmute/VERSION
6 silly initialize attempt
7 silly initialize success
8 silly execute attempt
9 silly runScriptInDir test [] transmute-framework
10 silly getExecOpts { cwd: '/Users/orie/Code/lerna-transmute/packages/transmute-framework' }
11 error test Errored while running script in 'transmute-framework'
12 error execute callback with error
13 error Error: Command failed: npm run test
13 error npm ERR! code ELIFECYCLE
13 error npm ERR! errno 1
13 error npm ERR! transmute-framework@0.1.50 truffle:test: `truffle test`
13 error npm ERR! Exit status 1
13 error npm ERR!
13 error npm ERR! Failed at the transmute-framework@0.1.50 truffle:test script.
13 error npm ERR! This is probably not a problem with npm. There is likely additional logging output above.
13 error npm ERR! code ELIFECYCLE
13 error npm ERR! errno 1
13 error npm ERR! transmute-framework@0.1.50 test: `npm run truffle:test`
13 error npm ERR! Exit status 1
13 error npm ERR!
13 error npm ERR! Failed at the transmute-framework@0.1.50 test script.
13 error npm ERR! This is probably not a problem with npm. There is likely additional logging output above.
13 error
13 error > transmute-framework@0.1.50 test /Users/orie/Code/lerna-transmute/packages/transmute-framework
13 error > npm run truffle:test
13 error
13 error
13 error > transmute-framework@0.1.50 truffle:test /Users/orie/Code/lerna-transmute/packages/transmute-framework
13 error > truffle test
13 error
13 error Compiling ./contracts/Migrations.sol...
13 error Compiling ./contracts/TransmuteFramework/EventStoreLib.sol...
13 error Compiling ./contracts/TransmuteFramework/Killable.sol...
13 error Compiling ./contracts/TransmuteFramework/Ownable.sol...
13 error Compiling ./contracts/TransmuteFramework/RBAC.sol...
13 error Compiling ./contracts/TransmuteFramework/RBACEventStore.sol...
13 error Compiling ./contracts/TransmuteFramework/RBACEventStoreFactory.sol...
13 error Compiling ./contracts/TransmuteFramework/SetLib/AddressSet/AddressSetLib.sol...
13 error Compiling ./contracts/TransmuteFramework/SetLib/AddressSet/AddressSetSpec.sol...
13 error Compiling ./contracts/TransmuteFramework/SetLib/Bytes32Set/Bytes32SetLib.sol...
13 error Compiling ./contracts/TransmuteFramework/SetLib/Bytes32Set/Bytes32SetSpec.sol...
13 error Compiling ./contracts/TransmuteFramework/SetLib/UIntSet/UIntSetLib.sol...
13 error Compiling ./contracts/TransmuteFramework/SetLib/UIntSet/UIntSetSpec.sol...
13 error Compiling ./contracts/TransmuteFramework/StringUtils.sol...
13 error Compiling ./contracts/TransmuteFramework/UnsafeEventStore.sol...
13 error Compiling ./contracts/TransmuteFramework/UnsafeEventStoreFactory.sol...
13 error
13 error /Users/orie/Code/lerna-transmute/packages/transmute-framework/contracts/TransmuteFramework/EventStoreLib.sol:61:75: ParserError: Expected token LBrace got 'View'
13 error     function readEvent(EsEventStorage storage self, uint _eventId) public view
13 error                                                                           ^
13 error ,/Users/orie/Code/lerna-transmute/packages/transmute-framework/contracts/TransmuteFramework/RBAC.sol:41:32: ParserError: Expected token LBrace got 'View'
13 error   function eventCount() public view
13 error                                ^
13 error ,/Users/orie/Code/lerna-transmute/packages/transmute-framework/contracts/TransmuteFramework/RBACEventStore.sol:16:32: ParserError: Expected token LBrace got 'View'
13 error   function eventCount() public view
13 error                                ^
13 error ,/Users/orie/Code/lerna-transmute/packages/transmute-framework/contracts/TransmuteFramework/RBACEventStoreFactory.sol:18:10: ParserError: Expected token LBrace got 'View'
13 error   public view
13 error          ^
13 error ,/Users/orie/Code/lerna-transmute/packages/transmute-framework/contracts/TransmuteFramework/StringUtils.sol:9:39: ParserError: Expected token LBrace got reserved keyword 'Pure'
13 error   function uintToBytes(uint v) public pure
13 error                                       ^
13 error ,/Users/orie/Code/lerna-transmute/packages/transmute-framework/contracts/TransmuteFramework/UnsafeEventStore.sol:20:32: ParserError: Expected token LBrace got 'View'
13 error   function eventCount() public view
13 error                                ^
13 error Compiliation failed. See above.
13 error
13 error     at Promise.all.then.arr (/Users/orie/.config/yarn/global/node_modules/lerna/node_modules/execa/index.js:236:11)
13 error     at <anonymous>
